<?xml version="1.0" encoding="UTF-8"?>
<testsuite xmlns:xsi="http://www.w3.org/2001/XMLSchema-instance" xsi:noNamespaceSchemaLocation="https://maven.apache.org/surefire/maven-surefire-plugin/xsd/surefire-test-report-3.0.xsd" version="3.0" name="uk.ac.ed.inf.RestUnitTests" time="1.553" tests="15" errors="0" skipped="0" failures="0">
  <properties>
    <property name="java.specification.version" value="19"/>
    <property name="sun.jnu.encoding" value="UTF-8"/>
    <property name="java.class.path" value="/Users/siddharthsakriya/Desktop/stportfolio2023/target/test-classes:/Users/siddharthsakriya/Desktop/stportfolio2023/target/classes:/Users/siddharthsakriya/.m2/repository/junit/junit/4.13.1/junit-4.13.1.jar:/Users/siddharthsakriya/.m2/repository/org/hamcrest/hamcrest-core/1.3/hamcrest-core-1.3.jar:/Users/siddharthsakriya/.m2/repository/org/junit/jupiter/junit-jupiter-engine/5.9.2/junit-jupiter-engine-5.9.2.jar:/Users/siddharthsakriya/.m2/repository/org/junit/platform/junit-platform-engine/1.9.2/junit-platform-engine-1.9.2.jar:/Users/siddharthsakriya/.m2/repository/org/opentest4j/opentest4j/1.2.0/opentest4j-1.2.0.jar:/Users/siddharthsakriya/.m2/repository/org/junit/platform/junit-platform-commons/1.9.2/junit-platform-commons-1.9.2.jar:/Users/siddharthsakriya/.m2/repository/org/junit/jupiter/junit-jupiter-api/5.9.2/junit-jupiter-api-5.9.2.jar:/Users/siddharthsakriya/.m2/repository/org/apiguardian/apiguardian-api/1.1.2/apiguardian-api-1.1.2.jar:/Users/siddharthsakriya/.m2/repository/com/google/code/gson/gson/2.10.1/gson-2.10.1.jar:/Users/siddharthsakriya/.m2/repository/com/fasterxml/jackson/datatype/jackson-datatype-jsr310/2.16.0/jackson-datatype-jsr310-2.16.0.jar:/Users/siddharthsakriya/.m2/repository/com/fasterxml/jackson/core/jackson-annotations/2.16.0/jackson-annotations-2.16.0.jar:/Users/siddharthsakriya/.m2/repository/com/fasterxml/jackson/core/jackson-core/2.16.0/jackson-core-2.16.0.jar:/Users/siddharthsakriya/.m2/repository/com/fasterxml/jackson/core/jackson-databind/2.13.4.2/jackson-databind-2.13.4.2.jar:/Users/siddharthsakriya/.m2/repository/org/json/json/20231013/json-20231013.jar:/Users/siddharthsakriya/Desktop/stportfolio2023/IlpDataObjects.jar:/Users/siddharthsakriya/.m2/repository/org/mockito/mockito-core/5.8.0/mockito-core-5.8.0.jar:/Users/siddharthsakriya/.m2/repository/net/bytebuddy/byte-buddy/1.14.10/byte-buddy-1.14.10.jar:/Users/siddharthsakriya/.m2/repository/net/bytebuddy/byte-buddy-agent/1.14.10/byte-buddy-agent-1.14.10.jar:/Users/siddharthsakriya/.m2/repository/org/objenesis/objenesis/3.3/objenesis-3.3.jar:"/>
    <property name="java.vm.vendor" value="Oracle Corporation"/>
    <property name="sun.arch.data.model" value="64"/>
    <property name="java.vendor.url" value="https://java.oracle.com/"/>
    <property name="os.name" value="Mac OS X"/>
    <property name="java.vm.specification.version" value="19"/>
    <property name="sun.java.launcher" value="SUN_STANDARD"/>
    <property name="user.country" value="GB"/>
    <property name="sun.boot.library.path" value="/Library/Java/JavaVirtualMachines/jdk-19.jdk/Contents/Home/lib"/>
    <property name="sun.java.command" value="/Users/siddharthsakriya/Desktop/stportfolio2023/target/surefire/surefirebooter11890657215585023080.jar /Users/siddharthsakriya/Desktop/stportfolio2023/target/surefire 2024-01-21T20-22-50_122-jvmRun1 surefire16630950750871594876tmp surefire_08500475720714157049tmp"/>
    <property name="http.nonProxyHosts" value="local|*.local|169.254/16|*.169.254/16"/>
    <property name="jdk.debug" value="release"/>
    <property name="surefire.test.class.path" value="/Users/siddharthsakriya/Desktop/stportfolio2023/target/test-classes:/Users/siddharthsakriya/Desktop/stportfolio2023/target/classes:/Users/siddharthsakriya/.m2/repository/junit/junit/4.13.1/junit-4.13.1.jar:/Users/siddharthsakriya/.m2/repository/org/hamcrest/hamcrest-core/1.3/hamcrest-core-1.3.jar:/Users/siddharthsakriya/.m2/repository/org/junit/jupiter/junit-jupiter-engine/5.9.2/junit-jupiter-engine-5.9.2.jar:/Users/siddharthsakriya/.m2/repository/org/junit/platform/junit-platform-engine/1.9.2/junit-platform-engine-1.9.2.jar:/Users/siddharthsakriya/.m2/repository/org/opentest4j/opentest4j/1.2.0/opentest4j-1.2.0.jar:/Users/siddharthsakriya/.m2/repository/org/junit/platform/junit-platform-commons/1.9.2/junit-platform-commons-1.9.2.jar:/Users/siddharthsakriya/.m2/repository/org/junit/jupiter/junit-jupiter-api/5.9.2/junit-jupiter-api-5.9.2.jar:/Users/siddharthsakriya/.m2/repository/org/apiguardian/apiguardian-api/1.1.2/apiguardian-api-1.1.2.jar:/Users/siddharthsakriya/.m2/repository/com/google/code/gson/gson/2.10.1/gson-2.10.1.jar:/Users/siddharthsakriya/.m2/repository/com/fasterxml/jackson/datatype/jackson-datatype-jsr310/2.16.0/jackson-datatype-jsr310-2.16.0.jar:/Users/siddharthsakriya/.m2/repository/com/fasterxml/jackson/core/jackson-annotations/2.16.0/jackson-annotations-2.16.0.jar:/Users/siddharthsakriya/.m2/repository/com/fasterxml/jackson/core/jackson-core/2.16.0/jackson-core-2.16.0.jar:/Users/siddharthsakriya/.m2/repository/com/fasterxml/jackson/core/jackson-databind/2.13.4.2/jackson-databind-2.13.4.2.jar:/Users/siddharthsakriya/.m2/repository/org/json/json/20231013/json-20231013.jar:/Users/siddharthsakriya/Desktop/stportfolio2023/IlpDataObjects.jar:/Users/siddharthsakriya/.m2/repository/org/mockito/mockito-core/5.8.0/mockito-core-5.8.0.jar:/Users/siddharthsakriya/.m2/repository/net/bytebuddy/byte-buddy/1.14.10/byte-buddy-1.14.10.jar:/Users/siddharthsakriya/.m2/repository/net/bytebuddy/byte-buddy-agent/1.14.10/byte-buddy-agent-1.14.10.jar:/Users/siddharthsakriya/.m2/repository/org/objenesis/objenesis/3.3/objenesis-3.3.jar:"/>
    <property name="sun.cpu.endian" value="little"/>
    <property name="user.home" value="/Users/siddharthsakriya"/>
    <property name="user.language" value="en"/>
    <property name="java.specification.vendor" value="Oracle Corporation"/>
    <property name="java.version.date" value="2023-01-17"/>
    <property name="java.home" value="/Library/Java/JavaVirtualMachines/jdk-19.jdk/Contents/Home"/>
    <property name="file.separator" value="/"/>
    <property name="basedir" value="/Users/siddharthsakriya/Desktop/stportfolio2023"/>
    <property name="java.vm.compressedOopsMode" value="Zero based"/>
    <property name="line.separator" value="&#10;"/>
    <property name="java.vm.specification.vendor" value="Oracle Corporation"/>
    <property name="java.specification.name" value="Java Platform API Specification"/>
    <property name="apple.awt.application.name" value="ForkedBooter"/>
    <property name="surefire.real.class.path" value="/Users/siddharthsakriya/Desktop/stportfolio2023/target/surefire/surefirebooter11890657215585023080.jar"/>
    <property name="sun.management.compiler" value="HotSpot 64-Bit Tiered Compilers"/>
    <property name="ftp.nonProxyHosts" value="local|*.local|169.254/16|*.169.254/16"/>
    <property name="java.runtime.version" value="19.0.2+7-44"/>
    <property name="user.name" value="siddharthsakriya"/>
    <property name="stdout.encoding" value="UTF-8"/>
    <property name="path.separator" value=":"/>
    <property name="os.version" value="13.2.1"/>
    <property name="java.runtime.name" value="Java(TM) SE Runtime Environment"/>
    <property name="file.encoding" value="UTF-8"/>
    <property name="java.vm.name" value="Java HotSpot(TM) 64-Bit Server VM"/>
    <property name="localRepository" value="/Users/siddharthsakriya/.m2/repository"/>
    <property name="java.vendor.url.bug" value="https://bugreport.java.com/bugreport/"/>
    <property name="java.io.tmpdir" value="/var/folders/24/ng3jyr1s1xl2yrxrpzkc9tl80000gn/T/"/>
    <property name="idea.version" value="2022.3.2"/>
    <property name="java.version" value="19.0.2"/>
    <property name="user.dir" value="/Users/siddharthsakriya/Desktop/stportfolio2023"/>
    <property name="os.arch" value="x86_64"/>
    <property name="java.vm.specification.name" value="Java Virtual Machine Specification"/>
    <property name="native.encoding" value="UTF-8"/>
    <property name="java.library.path" value="/Users/siddharthsakriya/Library/Java/Extensions:/Library/Java/Extensions:/Network/Library/Java/Extensions:/System/Library/Java/Extensions:/usr/lib/java:."/>
    <property name="java.vm.info" value="mixed mode, sharing"/>
    <property name="stderr.encoding" value="UTF-8"/>
    <property name="java.vendor" value="Oracle Corporation"/>
    <property name="java.vm.version" value="19.0.2+7-44"/>
    <property name="sun.io.unicode.encoding" value="UnicodeBig"/>
    <property name="socksNonProxyHosts" value="local|*.local|169.254/16|*.169.254/16"/>
    <property name="java.class.version" value="63.0"/>
  </properties>
  <testcase name="testGetIsAliveSuccessFalse" classname="uk.ac.ed.inf.RestUnitTests" time="1.492"/>
  <testcase name="testGetCentralAreaExceptionHandling2" classname="uk.ac.ed.inf.RestUnitTests" time="0.006">
    <system-err><![CDATA[Unable to retrieve central area
]]></system-err>
  </testcase>
  <testcase name="testGetIsAliveExceptionHandling" classname="uk.ac.ed.inf.RestUnitTests" time="0.001">
    <system-err><![CDATA[Cannot reach the isAlive endpoint
]]></system-err>
  </testcase>
  <testcase name="testGetIsAliveSuccessTrue" classname="uk.ac.ed.inf.RestUnitTests" time="0.001"/>
  <testcase name="testGetNoFlyZonesExceptionHandlin2" classname="uk.ac.ed.inf.RestUnitTests" time="0.001">
    <system-err><![CDATA[Unable to retrieve no-fly zones
]]></system-err>
  </testcase>
  <testcase name="testGetNoFlyZonesExceptionHandling" classname="uk.ac.ed.inf.RestUnitTests" time="0.002">
    <system-err><![CDATA[Unable to retrieve no-fly zones
]]></system-err>
  </testcase>
  <testcase name="testGetCentralAreaExceptionHandling" classname="uk.ac.ed.inf.RestUnitTests" time="0.001">
    <system-err><![CDATA[Unable to retrieve central area
]]></system-err>
  </testcase>
  <testcase name="getRestaurantsSuccessTest" classname="uk.ac.ed.inf.RestUnitTests" time="0.005"/>
  <testcase name="testGetOrderByDateExceptionHandling" classname="uk.ac.ed.inf.RestUnitTests" time="0.029">
    <system-err><![CDATA[Unable to retrieve orders by date: 2020-01-01
]]></system-err>
  </testcase>
  <testcase name="testGetCentralAreaSuccess" classname="uk.ac.ed.inf.RestUnitTests" time="0.003"/>
  <testcase name="testGetOrderByDateExceptionHandling2" classname="uk.ac.ed.inf.RestUnitTests" time="0.002">
    <system-err><![CDATA[Unable to retrieve orders by date: 2020-01-01
]]></system-err>
  </testcase>
  <testcase name="testGetRestaurantsExceptionHandling" classname="uk.ac.ed.inf.RestUnitTests" time="0.001">
    <system-err><![CDATA[Unable to retrieve restaurants
]]></system-err>
  </testcase>
  <testcase name="testGetNoFlyZonesSuccess" classname="uk.ac.ed.inf.RestUnitTests" time="0.001"/>
  <testcase name="testGetOrdersByDateSuccess" classname="uk.ac.ed.inf.RestUnitTests" time="0.002"/>
  <testcase name="testGetRestaurantsExceptionHandling2" classname="uk.ac.ed.inf.RestUnitTests" time="0.001">
    <system-err><![CDATA[Unable to retrieve restaurants
]]></system-err>
  </testcase>
</testsuite>